#
# A fatal error has been detected by the Java Runtime Environment:
#
#  SIGSEGV (0xb) at pc=0x00000001008d6181, pid=21009, tid=1799
#
# JRE version: 7.0_25-b15
# Java VM: Java HotSpot(TM) 64-Bit Server VM (23.25-b01 mixed mode bsd-amd64 compressed oops)
# Problematic frame:
# V  [libjvm.dylib+0x2a7181]
#
# Failed to write core dump. Core dumps have been disabled. To enable core dumping, try "ulimit -c unlimited" before starting Java again
#
# If you would like to submit a bug report, please visit:
#   http://bugreport.sun.com/bugreport/crash.jsp
#

---------------  T H R E A D  ---------------

Current thread (0x00007fcbc89ad000):  JavaThread "JavaFX Application Thread" [_thread_in_vm, id=1799, stack(0x00007fff5eefe000,0x00007fff5f6fe000)]

siginfo:si_signo=SIGSEGV: si_errno=0, si_code=1 (SEGV_MAPERR), si_addr=0x0000000000000000

Registers:
RAX=0x00007fff5f6f1640, RBX=0x00007fff5f6f15c8, RCX=0x0000000000000000, RDX=0x00007fff5f6f15c8
RSP=0x00007fff5f6f14a0, RBP=0x00007fff5f6f14b0, RSI=0x0000000000000000, RDI=0x00007fff5f6f1578
R8 =0x0000000000000000, R9 =0x0000000000000001, R10=0x00007fcbc9465140, R11=0x00007fff73f1c340
R12=0x00007fcbc89ad000, R13=0x0000000000000278, R14=0x00007fff5f6f1578, R15=0x00007fcbc89ad1d8
RIP=0x00000001008d6181, EFLAGS=0x0000000000010246, ERR=0x0000000000000004
  TRAPNO=0x000000000000000e

Top of Stack: (sp=0x00007fff5f6f14a0)
0x00007fff5f6f14a0:   0000000000000000 00007fff5f6f1578
0x00007fff5f6f14b0:   00007fff5f6f1630 00000001008ce1b3
0x00007fff5f6f14c0:   00007fcbc9374200 0000000000000000
0x00007fff5f6f14d0:   00007fff5f6f14c8 0000000000000000
0x00007fff5f6f14e0:   0000000000000000 0000000000000001
0x00007fff5f6f14f0:   00007fcbc93744c0 0000000000000000
0x00007fff5f6f1500:   00007fff86277313 00007fcbc9373ff0
0x00007fff5f6f1510:   00007fcbc9372390 0000000000000280
0x00007fff5f6f1520:   00007fff5f6f1580 00007fff85daef01
0x00007fff5f6f1530:   0000000000000003 00007fff5f6f14b0
0x00007fff5f6f1540:   00000000c93724b8 ffffffffffffffff
0x00007fff5f6f1550:   0000000000000000 00007fcbc9373ff0
0x00007fff5f6f1560:   00007fff86277313 00007fcbc9373ff0
0x00007fff5f6f1570:   00007fcbc93744c0 00007fcbc9372390
0x00007fff5f6f1580:   00007fff5f6f1630 00007fff85daf19a
0x00007fff5f6f1590:   000000010051b000 0000000000000001
0x00007fff5f6f15a0:   ffffffffffffffff 0000000000000000
0x00007fff5f6f15b0:   00007fff7491c0e0 000000000000000e
0x00007fff5f6f15c0:   00007fff85daf1c5 0000003000000018
0x00007fff5f6f15d0:   00007fff5f6f1640 00007fff5f6f14c0
0x00007fff5f6f15e0:   00007fcbc89ad000 0000000000000000
0x00007fff5f6f15f0:   00007fff85da6fc0 00007fff8b57c634
0x00007fff5f6f1600:   00007fcbc89ad000 00007fcbc89ad000
0x00007fff5f6f1610:   00000001008ce0bd 0000000000000001
0x00007fff5f6f1620:   0000000000000001 00007fcbc89ad1d8
0x00007fff5f6f1630:   00007fff5f6f1b10 000000015c5c5400
0x00007fff5f6f1640:   00007fcbc93724a0 00007fcbc88018c0
0x00007fff5f6f1650:   0000000000000188 00007fff73d76c88
0x00007fff5f6f1660:   00007fff5f6f16c0 00007fff89e33f5b
0x00007fff5f6f1670:   00007fff5f6f1910 0000000000000000
0x00007fff5f6f1680:   ffff803436c8c65f 00007fff5f6f1a90
0x00007fff5f6f1690:   00007fcbc8801c00 00007fcbc93739a0 

Instructions: (pc=0x00000001008d6181)
0x00000001008d6161:   3e 00 48 83 c0 10 49 89 06 49 89 5e 28 5b 41 5e
0x00000001008d6171:   5d c3 90 55 48 89 e5 41 56 53 48 89 d3 49 89 fe
0x00000001008d6181:   48 8b 06 48 8b 48 10 48 8b 78 18 0f b7 71 42 e8
0x00000001008d6191:   83 53 21 00 48 89 c6 48 83 e6 fe 4c 89 f7 e8 04 

Register to memory mapping:

RAX=0x00007fff5f6f1640 is pointing into the stack for thread: 0x00007fcbc89ad000
RBX=0x00007fff5f6f15c8 is pointing into the stack for thread: 0x00007fcbc89ad000
RCX=0x0000000000000000 is an unknown value
RDX=0x00007fff5f6f15c8 is pointing into the stack for thread: 0x00007fcbc89ad000
RSP=0x00007fff5f6f14a0 is pointing into the stack for thread: 0x00007fcbc89ad000
RBP=0x00007fff5f6f14b0 is pointing into the stack for thread: 0x00007fcbc89ad000
RSI=0x0000000000000000 is an unknown value
RDI=0x00007fff5f6f1578 is pointing into the stack for thread: 0x00007fcbc89ad000
R8 =0x0000000000000000 is an unknown value
R9 =0x0000000000000001 is an unknown value
R10=0x00007fcbc9465140 is an unknown value
R11=0x00007fff73f1c340: OBJC_EHTYPE_$_NSException+0x1868 in /System/Library/Frameworks/CoreFoundation.framework/Versions/A/CoreFoundation at 0x00007fff8b451000
R12=0x00007fcbc89ad000 is a thread
R13=0x0000000000000278 is an unknown value
R14=0x00007fff5f6f1578 is pointing into the stack for thread: 0x00007fcbc89ad000
R15=0x00007fcbc89ad1d8 is an unknown value


Stack: [0x00007fff5eefe000,0x00007fff5f6fe000],  sp=0x00007fff5f6f14a0,  free space=8141k
Native frames: (J=compiled Java code, j=interpreted, Vv=VM code, C=native code)
V  [libjvm.dylib+0x2a7181]
V  [libjvm.dylib+0x29f1b3]
C  [libglass.dylib+0x16400]  -[GlassTouches(hidden) sendJavaTouchEvent:]+0x450
C  [libglass.dylib+0x15be4]  listenTouchEvents+0x44
C  [CoreGraphics+0x2442d7]  processEventTapData+0x258
C  [CoreGraphics+0x243f68]  _CGYPostEventTapData+0xbd
C  [CoreGraphics+0x24926a]  _XPostEventTapData+0x6b
C  [CoreGraphics+0x249362]  CGYEventTap_server+0x6a
C  [CoreGraphics+0x244056]  eventTapMessageHandler+0x1e
C  [CoreFoundation+0x2410]  __CFMachPortPerform+0x120
C  [CoreFoundation+0x22d9]  __CFRUNLOOP_IS_CALLING_OUT_TO_A_SOURCE1_PERFORM_FUNCTION__+0x29
C  [CoreFoundation+0x2019]  __CFRunLoopDoSource1+0x99
C  [CoreFoundation+0x3519f]  __CFRunLoopRun+0x6ef
C  [CoreFoundation+0x346b2]  CFRunLoopRunSpecific+0x122
C  [HIToolbox+0x600a4]  RunCurrentEventLoopInMode+0xd1
C  [HIToolbox+0x5fe42]  ReceiveNextEventCommon+0x164
C  [HIToolbox+0x5fcd3]  BlockUntilNextEventMatchingListInMode+0x3e
C  [AppKit+0x155613]  _DPSNextEvent+0x2ad
C  [AppKit+0x154ed2]  -[NSApplication nextEventMatchingMask:untilDate:inMode:dequeue:]+0x80
C  [AppKit+0x14c283]  -[NSApplication run]+0x205
C  [libglass.dylib+0x30a9]  -[GlassApplication runLoop:]+0x309
C  [Foundation+0x92677]  __NSThreadPerformPerform+0xe1
C  [CoreFoundation+0x12101]  __CFRUNLOOP_IS_CALLING_OUT_TO_A_SOURCE0_PERFORM_FUNCTION__+0x11
C  [CoreFoundation+0x11a25]  __CFRunLoopDoSources0+0xf5
C  [CoreFoundation+0x34dc5]  __CFRunLoopRun+0x315
C  [CoreFoundation+0x346b2]  CFRunLoopRunSpecific+0x122
C  [java+0x742d]  CreateExecutionEnvironment+0x367
C  [java+0x1bdc]  JLI_Launch+0x7a0
C  [java+0x778a]  main+0x65
C  [java+0x1434]  start+0x34


---------------  P R O C E S S  ---------------

Java Threads: ( => current thread )
  0x00007fcbc8a20000 JavaThread "Thread-5" daemon [_thread_in_native, id=31235, stack(0x000000015e40e000,0x000000015e48e000)]
=>0x00007fcbc89ad000 JavaThread "JavaFX Application Thread" [_thread_in_vm, id=1799, stack(0x00007fff5eefe000,0x00007fff5f6fe000)]
  0x00007fcbc89ee000 JavaThread "Thread-3" daemon [_thread_blocked, id=25603, stack(0x000000015c60f000,0x000000015c70f000)]
  0x00007fcbc9a1b000 JavaThread "Disposer" daemon [_thread_blocked, id=25347, stack(0x000000015c4ad000,0x000000015c5ad000)]
  0x00007fcbc888f800 JavaThread "QuantumRenderer-0" daemon [_thread_blocked, id=20995, stack(0x000000015be6d000,0x000000015bf6d000)]
  0x00007fcbc8928000 JavaThread "JavaFX-Launcher" [_thread_blocked, id=20739, stack(0x000000015bceb000,0x000000015bdeb000)]
  0x00007fcbc983b000 JavaThread "traceMsgQueueThread" daemon [_thread_blocked, id=20483, stack(0x000000015bbb3000,0x000000015bcb3000)]
  0x00007fcbc884e000 JavaThread "Service Thread" daemon [_thread_blocked, id=19971, stack(0x000000015b723000,0x000000015b823000)]
  0x00007fcbc884d800 JavaThread "C2 CompilerThread1" daemon [_thread_blocked, id=19715, stack(0x000000015b620000,0x000000015b720000)]
  0x00007fcbc8853800 JavaThread "C2 CompilerThread0" daemon [_thread_blocked, id=19459, stack(0x000000015b51d000,0x000000015b61d000)]
  0x00007fcbc8845000 JavaThread "Signal Dispatcher" daemon [_thread_blocked, id=19203, stack(0x000000015b41a000,0x000000015b51a000)]
  0x00007fcbc8835000 JavaThread "Finalizer" daemon [_thread_blocked, id=13571, stack(0x000000015b0c5000,0x000000015b1c5000)]
  0x00007fcbc8834800 JavaThread "Reference Handler" daemon [_thread_blocked, id=13315, stack(0x000000015afc2000,0x000000015b0c2000)]
  0x00007fcbc880c000 JavaThread "main" [_thread_blocked, id=4867, stack(0x00000001010d9000,0x00000001011d9000)]

Other Threads:
  0x00007fcbc982d800 VMThread [stack: 0x000000015aebf000,0x000000015afbf000] [id=13059]
  0x00007fcbc9835800 WatcherThread [stack: 0x000000015b826000,0x000000015b926000] [id=20227]

VM state:not at safepoint (normal execution)

VM Mutex/Monitor currently owned by a thread: None

Heap
 PSYoungGen      total 23040K, used 11412K [0x000000013cd00000, 0x000000013fa00000, 0x0000000156900000)
  eden space 19776K, 47% used [0x000000013cd00000,0x000000013d61e9a8,0x000000013e050000)
  from space 3264K, 63% used [0x000000013e050000,0x000000013e256960,0x000000013e380000)
  to   space 3264K, 0% used [0x000000013f6d0000,0x000000013f6d0000,0x000000013fa00000)
 ParOldGen       total 52736K, used 4095K [0x0000000109500000, 0x000000010c880000, 0x000000013cd00000)
  object space 52736K, 7% used [0x0000000109500000,0x00000001098ffc10,0x000000010c880000)
 PSPermGen       total 21248K, used 15508K [0x0000000104300000, 0x00000001057c0000, 0x0000000109500000)
  object space 21248K, 72% used [0x0000000104300000,0x00000001052250c0,0x00000001057c0000)

Card table byte_map: [0x0000000156900000,0x0000000156b94000] byte_map_base: 0x00000001560de800

Polling page: 0x0000000101218000

Code Cache  [0x000000010122b000, 0x000000010149b000, 0x000000010422b000)
 total_blobs=398 nmethods=53 adapters=298 free_code_cache=48588Kb largest_free_block=49750592

Compilation events (10 events):
Event: 3.047 Thread 0x00007fcbc8853800   47             org.ibex.nestedvm.util.InodeCache::fill (19 bytes)
Event: 3.051 Thread 0x00007fcbc8853800 nmethod 47 0x00000001012b1950 code [0x00000001012b1aa0, 0x00000001012b1c58]
Event: 3.054 Thread 0x00007fcbc884d800    4 %           org.ibex.nestedvm.Runtime::decodeData @ 75 (183 bytes)
Event: 3.066 Thread 0x00007fcbc884d800 nmethod 4% 0x00000001012b0f10 code [0x00000001012b1080, 0x00000001012b1698]
Event: 3.170 Thread 0x00007fcbc8853800   48             org.ibex.nestedvm.Runtime::memcpy (364 bytes)
Event: 3.179 Thread 0x00007fcbc8853800 nmethod 48 0x00000001012ac110 code [0x00000001012ac2c0, 0x00000001012ac8d0]
Event: 3.199 Thread 0x00007fcbc884d800   49             java.lang.String::startsWith (72 bytes)
Event: 3.201 Thread 0x00007fcbc884d800 nmethod 49 0x00000001012b5450 code [0x00000001012b55a0, 0x00000001012b56d8]
Event: 3.239 Thread 0x00007fcbc8853800   50             java.util.Arrays::fill (28 bytes)
Event: 3.241 Thread 0x00007fcbc8853800 nmethod 50 0x00000001012b7050 code [0x00000001012b71a0, 0x00000001012b72b8]

GC Heap History (2 events):
Event: 1.282 GC heap before
{Heap before GC invocations=1 (full 0):
 PSYoungGen      total 23040K, used 18985K [0x000000013cd00000, 0x000000013e6b0000, 0x0000000156900000)
  eden space 19776K, 96% used [0x000000013cd00000,0x000000013df8a540,0x000000013e050000)
  from space 3264K, 0% used [0x000000013e380000,0x000000013e380000,0x000000013e6b0000)
  to   space 3264K, 0% used [0x000000013e050000,0x000000013e050000,0x000000013e380000)
 ParOldGen       total 52736K, used 0K [0x0000000109500000, 0x000000010c880000, 0x000000013cd00000)
  object space 52736K, 0% used [0x0000000109500000,0x0000000109500000,0x000000010c880000)
 PSPermGen       total 21248K, used 7835K [0x0000000104300000, 0x00000001057c0000, 0x0000000109500000)
  object space 21248K, 36% used [0x0000000104300000,0x0000000104aa6cd8,0x00000001057c0000)
Event: 1.296 GC heap after
Heap after GC invocations=1 (full 0):
 PSYoungGen      total 23040K, used 2074K [0x000000013cd00000, 0x000000013fa00000, 0x0000000156900000)
  eden space 19776K, 0% used [0x000000013cd00000,0x000000013cd00000,0x000000013e050000)
  from space 3264K, 63% used [0x000000013e050000,0x000000013e256960,0x000000013e380000)
  to   space 3264K, 0% used [0x000000013f6d0000,0x000000013f6d0000,0x000000013fa00000)
 ParOldGen       total 52736K, used 4095K [0x0000000109500000, 0x000000010c880000, 0x000000013cd00000)
  object space 52736K, 7% used [0x0000000109500000,0x00000001098ffc10,0x000000010c880000)
 PSPermGen       total 21248K, used 7835K [0x0000000104300000, 0x00000001057c0000, 0x0000000109500000)
  object space 21248K, 36% used [0x0000000104300000,0x0000000104aa6cd8,0x00000001057c0000)
}

Deoptimization events (5 events):
Event: 0.550 Thread 0x00007fcbc880c000 Uncommon trap -12 fr.pc 0x0000000101298b28
Event: 1.210 Thread 0x00007fcbc89ad000 Uncommon trap -34 fr.pc 0x00000001012900b8
Event: 1.211 Thread 0x00007fcbc89ad000 Uncommon trap -34 fr.pc 0x00000001012900b8
Event: 1.211 Thread 0x00007fcbc89ad000 Uncommon trap -34 fr.pc 0x00000001012900b8
Event: 1.213 Thread 0x00007fcbc89ad000 Uncommon trap -12 fr.pc 0x00000001012b439c

Internal exceptions (10 events):
Event: 0.550 Thread 0x00007fcbc880c000 Implicit null exception at 0x0000000101298915 to 0x0000000101298b19
Event: 0.571 Thread 0x00007fcbc8928000 Threw 0x000000013d110c78 at /HUDSON/workspace/jdk7u25-2-build-macosx-amd64-product/jdk7u25/hotspot/src/share/vm/interpreter/linkRes
Event: 1.213 Thread 0x00007fcbc89ad000 Implicit null exception at 0x00000001012b35b4 to 0x00000001012b437d
Event: 3.243 Thread 0x00007fcbc89ad000 Threw 0x000000013d559b38 at /HUDSON/workspace/jdk7u25-2-build-macosx-amd64-product/jdk7u25/hotspot/src/share/vm/prims/jvm.cpp:1235
Event: 3.244 Thread 0x00007fcbc89ad000 Threw 0x000000013d55ac68 at /HUDSON/workspace/jdk7u25-2-build-macosx-amd64-product/jdk7u25/hotspot/src/share/vm/prims/jvm.cpp:1235
Event: 3.244 Thread 0x00007fcbc89ad000 Threw 0x000000013d55bea8 at /HUDSON/workspace/jdk7u25-2-build-macosx-amd64-product/jdk7u25/hotspot/src/share/vm/prims/jvm.cpp:1235
Event: 3.244 Thread 0x00007fcbc89ad000 Threw 0x000000013d55d3f8 at /HUDSON/workspace/jdk7u25-2-build-macosx-amd64-product/jdk7u25/hotspot/src/share/vm/prims/jvm.cpp:1235
Event: 3.249 Thread 0x00007fcbc89ad000 Threw 0x000000013d571338 at /HUDSON/workspace/jdk7u25-2-build-macosx-amd64-product/jdk7u25/hotspot/src/share/vm/prims/jvm.cpp:1235
Event: 3.255 Thread 0x00007fcbc89ad000 Threw 0x000000013d587c30 at /HUDSON/workspace/jdk7u25-2-build-macosx-amd64-product/jdk7u25/hotspot/src/share/vm/prims/jvm.cpp:1235
Event: 3.255 Thread 0x00007fcbc89ad000 Threw 0x000000013d588cb8 at /HUDSON/workspace/jdk7u25-2-build-macosx-amd64-product/jdk7u25/hotspot/src/share/vm/prims/jvm.cpp:1235

Events (10 events):
Event: 3.398 loading class 0x00007fcbc9301f20
Event: 3.398 loading class 0x00007fcbc9301f20 done
Event: 3.407 loading class 0x00007fcbc844e890
Event: 3.407 loading class 0x00007fcbc844e8f0
Event: 3.407 loading class 0x00007fcbc844e8f0 done
Event: 3.407 loading class 0x00007fcbc844e890 done
Event: 3.549 loading class 0x00007fcbc931a330
Event: 3.549 loading class 0x00007fcbc931a330 done
Event: 3.643 loading class 0x00007fcbc9350da0
Event: 3.643 loading class 0x00007fcbc9350da0 done


Dynamic libraries:
0x0000000002ed0000 	/System/Library/Frameworks/Cocoa.framework/Versions/A/Cocoa
0x0000000002ed0000 	/System/Library/Frameworks/Security.framework/Versions/A/Security
0x0000000002ed0000 	/System/Library/Frameworks/ApplicationServices.framework/Versions/A/ApplicationServices
0x0000000002ed0000 	/usr/lib/libz.1.dylib
0x0000000002ed0000 	/usr/lib/libSystem.B.dylib
0x0000000002ed0000 	/usr/lib/libobjc.A.dylib
0x0000000002ed0000 	/System/Library/Frameworks/CoreFoundation.framework/Versions/A/CoreFoundation
0x0000000002ed0000 	/System/Library/Frameworks/AppKit.framework/Versions/C/AppKit
0x0000000002ed0000 	/System/Library/Frameworks/CoreData.framework/Versions/A/CoreData
0x0000000002ed0000 	/System/Library/Frameworks/Foundation.framework/Versions/C/Foundation
0x0000000002ed0000 	/System/Library/PrivateFrameworks/RemoteViewServices.framework/Versions/A/RemoteViewServices
0x0000000002ed0000 	/System/Library/Frameworks/AudioToolbox.framework/Versions/A/AudioToolbox
0x0000000002ed0000 	/System/Library/Frameworks/AudioUnit.framework/Versions/A/AudioUnit
0x0000000002ed0000 	/System/Library/PrivateFrameworks/DataDetectorsCore.framework/Versions/A/DataDetectorsCore
0x0000000002ed0000 	/System/Library/PrivateFrameworks/DesktopServicesPriv.framework/Versions/A/DesktopServicesPriv
0x0000000002ed0000 	/System/Library/Frameworks/Carbon.framework/Versions/A/Frameworks/HIToolbox.framework/Versions/A/HIToolbox
0x0000000002ed0000 	/System/Library/Frameworks/QuartzCore.framework/Versions/A/QuartzCore
0x0000000002ed0000 	/System/Library/Frameworks/Carbon.framework/Versions/A/Frameworks/SpeechRecognition.framework/Versions/A/SpeechRecognition
0x0000000002ed0000 	/usr/lib/libauto.dylib
0x0000000002ed0000 	/usr/lib/libicucore.A.dylib
0x0000000002ed0000 	/usr/lib/libxml2.2.dylib
0x0000000002ed0000 	/System/Library/PrivateFrameworks/CoreUI.framework/Versions/A/CoreUI
0x0000000002ed0000 	/System/Library/Frameworks/CoreAudio.framework/Versions/A/CoreAudio
0x0000000002ed0000 	/System/Library/Frameworks/DiskArbitration.framework/Versions/A/DiskArbitration
0x0000000002ed0000 	/usr/lib/liblangid.dylib
0x0000000002ed0000 	/System/Library/PrivateFrameworks/MultitouchSupport.framework/Versions/A/MultitouchSupport
0x0000000002ed0000 	/System/Library/Frameworks/IOKit.framework/Versions/A/IOKit
0x0000000002ed0000 	/usr/lib/libDiagnosticMessagesClient.dylib
0x0000000002ed0000 	/System/Library/Frameworks/CoreServices.framework/Versions/A/CoreServices
0x0000000002ed0000 	/System/Library/PrivateFrameworks/PerformanceAnalysis.framework/Versions/A/PerformanceAnalysis
0x0000000002ed0000 	/System/Library/PrivateFrameworks/GenerationalStorage.framework/Versions/A/GenerationalStorage
0x0000000002ed0000 	/System/Library/Frameworks/OpenGL.framework/Versions/A/OpenGL
0x0000000002ed0000 	/System/Library/Frameworks/CoreText.framework/Versions/A/CoreText
0x0000000002ed0000 	/System/Library/Frameworks/ImageIO.framework/Versions/A/ImageIO
0x0000000002ed0000 	/System/Library/PrivateFrameworks/Backup.framework/Versions/A/Backup
0x0000000002ed0000 	/System/Library/Frameworks/CFNetwork.framework/Versions/A/CFNetwork
0x0000000002ed0000 	/System/Library/Frameworks/SystemConfiguration.framework/Versions/A/SystemConfiguration
0x0000000002ed0000 	/usr/lib/libCRFSuite.dylib
0x0000000002ed0000 	/System/Library/PrivateFrameworks/TCC.framework/Versions/A/TCC
0x0000000002ed0000 	/usr/lib/libc++.1.dylib
0x0000000002ed0000 	/usr/lib/libc++abi.dylib
0x0000000002ed0000 	/usr/lib/system/libcache.dylib
0x0000000002ed0000 	/usr/lib/system/libcommonCrypto.dylib
0x0000000002ed0000 	/usr/lib/system/libcompiler_rt.dylib
0x0000000002ed0000 	/usr/lib/system/libcopyfile.dylib
0x0000000002ed0000 	/usr/lib/system/libdispatch.dylib
0x0000000002ed0000 	/usr/lib/system/libdnsinfo.dylib
0x0000000002ed0000 	/usr/lib/system/libdyld.dylib
0x0000000002ed0000 	/usr/lib/system/libkeymgr.dylib
0x0000000002ed0000 	/usr/lib/system/liblaunch.dylib
0x0000000002ed0000 	/usr/lib/system/libmacho.dylib
0x0000000002ed0000 	/usr/lib/system/libquarantine.dylib
0x0000000002ed0000 	/usr/lib/system/libremovefile.dylib
0x0000000002ed0000 	/usr/lib/system/libsystem_blocks.dylib
0x0000000002ed0000 	/usr/lib/system/libsystem_c.dylib
0x0000000002ed0000 	/usr/lib/system/libsystem_dnssd.dylib
0x0000000002ed0000 	/usr/lib/system/libsystem_info.dylib
0x0000000002ed0000 	/usr/lib/system/libsystem_kernel.dylib
0x0000000002ed0000 	/usr/lib/system/libsystem_m.dylib
0x0000000002ed0000 	/usr/lib/system/libsystem_network.dylib
0x0000000002ed0000 	/usr/lib/system/libsystem_notify.dylib
0x0000000002ed0000 	/usr/lib/system/libsystem_sandbox.dylib
0x0000000002ed0000 	/usr/lib/system/libunc.dylib
0x0000000002ed0000 	/usr/lib/system/libunwind.dylib
0x0000000002ed0000 	/usr/lib/system/libxpc.dylib
0x0000000002ed0000 	/usr/lib/system/libcorecrypto.dylib
0x0000000002ed0000 	/usr/lib/libstdc++.6.dylib
0x0000000002ed0000 	/usr/lib/libbsm.0.dylib
0x0000000002ed0000 	/usr/lib/libsqlite3.dylib
0x0000000002ed0000 	/usr/lib/libxar.1.dylib
0x0000000002ed0000 	/usr/lib/libpam.2.dylib
0x0000000002ed0000 	/usr/lib/libOpenScriptingUtil.dylib
0x0000000002ed0000 	/usr/lib/libbz2.1.0.dylib
0x0000000002ed0000 	/System/Library/Frameworks/CoreServices.framework/Versions/A/Frameworks/CarbonCore.framework/Versions/A/CarbonCore
0x0000000002ed0000 	/System/Library/Frameworks/CoreServices.framework/Versions/A/Frameworks/Metadata.framework/Versions/A/Metadata
0x0000000002ed0000 	/System/Library/Frameworks/CoreServices.framework/Versions/A/Frameworks/OSServices.framework/Versions/A/OSServices
0x0000000002ed0000 	/System/Library/Frameworks/CoreServices.framework/Versions/A/Frameworks/SearchKit.framework/Versions/A/SearchKit
0x0000000002ed0000 	/System/Library/Frameworks/CoreServices.framework/Versions/A/Frameworks/AE.framework/Versions/A/AE
0x0000000002ed0000 	/System/Library/Frameworks/CoreServices.framework/Versions/A/Frameworks/LaunchServices.framework/Versions/A/LaunchServices
0x0000000002ed0000 	/System/Library/Frameworks/CoreServices.framework/Versions/A/Frameworks/DictionaryServices.framework/Versions/A/DictionaryServices
0x0000000002ed0000 	/System/Library/Frameworks/NetFS.framework/Versions/A/NetFS
0x0000000002ed0000 	/usr/lib/system/libkxld.dylib
0x0000000002ed0000 	/System/Library/PrivateFrameworks/NetAuth.framework/Versions/A/NetAuth
0x0000000002ed0000 	/System/Library/Frameworks/OpenDirectory.framework/Versions/A/Frameworks/CFOpenDirectory.framework/Versions/A/CFOpenDirectory
0x0000000002ed0000 	/usr/lib/libxslt.1.dylib
0x0000000002ed0000 	/System/Library/PrivateFrameworks/FamilyControls.framework/Versions/A/FamilyControls
0x0000000002ed0000 	/System/Library/Frameworks/Carbon.framework/Versions/A/Frameworks/Ink.framework/Versions/A/Ink
0x0000000002ed0000 	/System/Library/Frameworks/ApplicationServices.framework/Versions/A/Frameworks/CoreGraphics.framework/Versions/A/CoreGraphics
0x0000000002ed0000 	/System/Library/Frameworks/ApplicationServices.framework/Versions/A/Frameworks/ATS.framework/Versions/A/ATS
0x0000000002ed0000 	/System/Library/Frameworks/ApplicationServices.framework/Versions/A/Frameworks/ColorSync.framework/Versions/A/ColorSync
0x0000000002ed0000 	/System/Library/Frameworks/ApplicationServices.framework/Versions/A/Frameworks/HIServices.framework/Versions/A/HIServices
0x0000000002ed0000 	/System/Library/Frameworks/ApplicationServices.framework/Versions/A/Frameworks/LangAnalysis.framework/Versions/A/LangAnalysis
0x0000000002ed0000 	/System/Library/Frameworks/ApplicationServices.framework/Versions/A/Frameworks/PrintCore.framework/Versions/A/PrintCore
0x0000000002ed0000 	/System/Library/Frameworks/ApplicationServices.framework/Versions/A/Frameworks/QD.framework/Versions/A/QD
0x0000000002ed0000 	/System/Library/Frameworks/ApplicationServices.framework/Versions/A/Frameworks/SpeechSynthesis.framework/Versions/A/SpeechSynthesis
0x0000000002ed0000 	/System/Library/Frameworks/IOSurface.framework/Versions/A/IOSurface
0x0000000002ed0000 	/System/Library/Frameworks/Accelerate.framework/Versions/A/Accelerate
0x0000000002ed0000 	/System/Library/Frameworks/ApplicationServices.framework/Versions/A/Frameworks/ATS.framework/Versions/A/Resources/libFontParser.dylib
0x0000000002ed0000 	/System/Library/Frameworks/ApplicationServices.framework/Versions/A/Frameworks/ATS.framework/Versions/A/Resources/libFontRegistry.dylib
0x0000000002ed0000 	/System/Library/Frameworks/Accelerate.framework/Versions/A/Frameworks/vImage.framework/Versions/A/vImage
0x0000000002ed0000 	/System/Library/Frameworks/Accelerate.framework/Versions/A/Frameworks/vecLib.framework/Versions/A/vecLib
0x0000000002ed0000 	/System/Library/Frameworks/Accelerate.framework/Versions/A/Frameworks/vecLib.framework/Versions/A/libvDSP.dylib
0x0000000002ed0000 	/System/Library/Frameworks/Accelerate.framework/Versions/A/Frameworks/vecLib.framework/Versions/A/libvMisc.dylib
0x0000000002ed0000 	/System/Library/Frameworks/Accelerate.framework/Versions/A/Frameworks/vecLib.framework/Versions/A/libLAPACK.dylib
0x0000000002ed0000 	/System/Library/Frameworks/Accelerate.framework/Versions/A/Frameworks/vecLib.framework/Versions/A/libBLAS.dylib
0x0000000002ed0000 	/System/Library/Frameworks/ImageIO.framework/Versions/A/Resources/libJPEG.dylib
0x0000000002ed0000 	/System/Library/Frameworks/ImageIO.framework/Versions/A/Resources/libTIFF.dylib
0x0000000002ed0000 	/System/Library/Frameworks/ImageIO.framework/Versions/A/Resources/libPng.dylib
0x0000000002ed0000 	/System/Library/Frameworks/ImageIO.framework/Versions/A/Resources/libGIF.dylib
0x0000000002ed0000 	/System/Library/Frameworks/ImageIO.framework/Versions/A/Resources/libJP2.dylib
0x0000000002ed0000 	/System/Library/Frameworks/ImageIO.framework/Versions/A/Resources/libRadiance.dylib
0x0000000002ed0000 	/usr/lib/libcups.2.dylib
0x0000000002ed0000 	/System/Library/Frameworks/Kerberos.framework/Versions/A/Kerberos
0x0000000002ed0000 	/System/Library/Frameworks/GSS.framework/Versions/A/GSS
0x0000000002ed0000 	/usr/lib/libresolv.9.dylib
0x0000000002ed0000 	/usr/lib/libiconv.2.dylib
0x0000000002ed0000 	/System/Library/PrivateFrameworks/Heimdal.framework/Versions/A/Heimdal
0x0000000002ed0000 	/System/Library/PrivateFrameworks/TrustEvaluationAgent.framework/Versions/A/TrustEvaluationAgent
0x0000000002ed0000 	/System/Library/Frameworks/OpenDirectory.framework/Versions/A/OpenDirectory
0x0000000002ed0000 	/System/Library/PrivateFrameworks/CommonAuth.framework/Versions/A/CommonAuth
0x0000000002ed0000 	/System/Library/PrivateFrameworks/Bom.framework/Versions/A/Bom
0x0000000002ed0000 	/System/Library/Frameworks/CoreVideo.framework/Versions/A/CoreVideo
0x0000000002ed0000 	/System/Library/Frameworks/QuartzCore.framework/Versions/A/Frameworks/CoreImage.framework/Versions/A/CoreImage
0x0000000002ed0000 	/System/Library/Frameworks/QuartzCore.framework/Versions/A/Frameworks/ScalableUserInterface.framework/Versions/A/ScalableUserInterface
0x0000000002ed0000 	/System/Library/Frameworks/OpenGL.framework/Versions/A/Libraries/libGLU.dylib
0x0000000002ed0000 	/System/Library/Frameworks/OpenGL.framework/Versions/A/Libraries/libGFXShared.dylib
0x0000000002ed0000 	/System/Library/Frameworks/OpenGL.framework/Versions/A/Libraries/libGL.dylib
0x0000000002ed0000 	/System/Library/Frameworks/OpenGL.framework/Versions/A/Libraries/libGLImage.dylib
0x0000000002ed0000 	/System/Library/Frameworks/OpenGL.framework/Versions/A/Libraries/libCVMSPluginSupport.dylib
0x0000000002ed0000 	/System/Library/Frameworks/OpenGL.framework/Versions/A/Libraries/libCoreVMClient.dylib
0x0000000002ed0000 	/System/Library/PrivateFrameworks/CrashReporterSupport.framework/Versions/A/CrashReporterSupport
0x0000000002ed0000 	/System/Library/Frameworks/OpenCL.framework/Versions/A/OpenCL
0x0000000002ed0000 	/System/Library/PrivateFrameworks/FaceCoreLight.framework/Versions/A/FaceCoreLight
0x0000000002ed0000 	/System/Library/PrivateFrameworks/AppleFSCompression.framework/Versions/A/AppleFSCompression
0x0000000002ed0000 	/System/Library/PrivateFrameworks/Ubiquity.framework/Versions/A/Ubiquity
0x0000000002ed0000 	/System/Library/Frameworks/ServiceManagement.framework/Versions/A/ServiceManagement
0x0000000002ed0000 	/System/Library/PrivateFrameworks/ChunkingLibrary.framework/Versions/A/ChunkingLibrary
0x0000000002ed0000 	/System/Library/Frameworks/vecLib.framework/Versions/A/vecLib
0x0000000002ed0000 	/System/Library/Frameworks/SecurityFoundation.framework/Versions/A/SecurityFoundation
0x0000000002ed0000 	/System/Library/PrivateFrameworks/CommerceKit.framework/Versions/A/Frameworks/CommerceCore.framework/Versions/A/CommerceCore
0x0000000002ed0000 	/System/Library/PrivateFrameworks/CoreSymbolication.framework/Versions/A/CoreSymbolication
0x0000000002ed0000 	/System/Library/PrivateFrameworks/Symbolication.framework/Versions/A/Symbolication
0x0000000002ed0000 	/System/Library/PrivateFrameworks/DebugSymbols.framework/Versions/A/DebugSymbols
0x000000010062f000 	/Library/Java/JavaVirtualMachines/jdk1.7.0_25.jdk/Contents/Home/jre/lib/server/libjvm.dylib
0x00000001011db000 	/Library/Java/JavaVirtualMachines/jdk1.7.0_25.jdk/Contents/Home/jre/lib/libverify.dylib
0x00000001011e8000 	/Library/Java/JavaVirtualMachines/jdk1.7.0_25.jdk/Contents/Home/jre/lib/libjava.dylib
0x0000000101222000 	/Library/Java/JavaVirtualMachines/jdk1.7.0_25.jdk/Contents/Home/jre/lib/libzip.dylib
0x000000015b1c7000 	/System/Library/Frameworks/JavaVM.framework/Frameworks/JavaRuntimeSupport.framework/JavaRuntimeSupport
0x000000015b1df000 	/System/Library/Frameworks/JavaVM.framework/Versions/A/Frameworks/JavaNativeFoundation.framework/Versions/A/JavaNativeFoundation
0x000000015b1f4000 	/System/Library/Frameworks/JavaVM.framework/Versions/A/JavaVM
0x0000000002ed0000 	/System/Library/Frameworks/Carbon.framework/Versions/A/Carbon
0x000000015b201000 	/System/Library/PrivateFrameworks/JavaLaunching.framework/Versions/A/JavaLaunching
0x0000000002ed0000 	/System/Library/Frameworks/Carbon.framework/Versions/A/Frameworks/CommonPanels.framework/Versions/A/CommonPanels
0x0000000002ed0000 	/System/Library/Frameworks/Carbon.framework/Versions/A/Frameworks/Help.framework/Versions/A/Help
0x0000000002ed0000 	/System/Library/Frameworks/Carbon.framework/Versions/A/Frameworks/ImageCapture.framework/Versions/A/ImageCapture
0x0000000002ed0000 	/System/Library/Frameworks/Carbon.framework/Versions/A/Frameworks/OpenScripting.framework/Versions/A/OpenScripting
0x0000000002ed0000 	/System/Library/Frameworks/Carbon.framework/Versions/A/Frameworks/Print.framework/Versions/A/Print
0x0000000002ed0000 	/System/Library/Frameworks/Carbon.framework/Versions/A/Frameworks/SecurityHI.framework/Versions/A/SecurityHI
0x000000015bcb5000 	/Library/Java/JavaVirtualMachines/jdk1.7.0_25.jdk/Contents/Home/jre/lib/libdeploy.dylib
0x000000015bcdb000 	/Library/Java/JavaVirtualMachines/jdk1.7.0_25.jdk/Contents/Home/jre/lib/jli/./libjli.dylib
0x000000015bf6f000 	/Library/Java/JavaVirtualMachines/jdk1.7.0_25.jdk/Contents/Home/jre/lib/libprism-es2.dylib
0x000000015bfdc000 	/System/Library/Frameworks/OpenGL.framework/Resources/GLEngine.bundle/GLEngine
0x000000015c1ca000 	/System/Library/Frameworks/OpenGL.framework/Versions/A/Libraries/libGLProgrammability.dylib
0x0000000000000000 	/System/Library/Extensions/GeForceGLDriver.bundle/Contents/MacOS/GeForceGLDriver
0x000000015c340000 	/System/Library/PrivateFrameworks/GPUSupport.framework/Versions/A/Libraries/libGPUSupport.dylib
0x0000000002ed0000 	/System/Library/Extensions/GeForceGLDriver.bundle/Contents/MacOS/libclh.dylib
0x000000015c356000 	/System/Library/Frameworks/OpenGL.framework/Resources//GLRendererFloat.bundle/GLRendererFloat
0x000000015c38c000 	/System/Library/Frameworks/OpenCL.framework/Versions/A/Libraries/libcldcpuengine.dylib
0x0000000002ed0000 	/System/Library/PrivateFrameworks/DiskImages.framework/Versions/A/DiskImages
0x000000015c39b000 	/System/Library/Frameworks/OpenGL.framework/Versions/A/Libraries/libCoreFSCache.dylib
0x0000000002ed0000 	/System/Library/Frameworks/DiscRecording.framework/Versions/A/DiscRecording
0x0000000002ed0000 	/usr/lib/libcurl.4.dylib
0x0000000002ed0000 	/System/Library/PrivateFrameworks/MediaKit.framework/Versions/A/MediaKit
0x0000000002ed0000 	/usr/lib/libssl.0.9.8.dylib
0x0000000002ed0000 	/usr/lib/libcrypto.0.9.8.dylib
0x0000000002ed0000 	/System/Library/Frameworks/LDAP.framework/Versions/A/LDAP
0x0000000002ed0000 	/usr/lib/libsasl2.2.dylib
0x000000015c5af000 	/Library/Java/JavaVirtualMachines/jdk1.7.0_25.jdk/Contents/Home/jre/lib/libglass.dylib
0x0000000002ed0000 	/System/Library/PrivateFrameworks/CoreServicesInternal.framework/Versions/A/CoreServicesInternal
0x0000000002ed0000 	/System/Library/PrivateFrameworks/Librarian.framework/Versions/A/Librarian
0x0000000002ed0000 	/System/Library/CoreServices/RawCamera.bundle/Contents/MacOS/RawCamera
0x0000000002ed0000 	/System/Library/Frameworks/ApplicationServices.framework/Versions/A/Frameworks/CoreGraphics.framework/Versions/A/Resources/libCSync.A.dylib
0x0000000002ed0000 	/System/Library/Frameworks/ApplicationServices.framework/Versions/A/Frameworks/CoreGraphics.framework/Versions/A/Resources/libRIP.A.dylib
0x000000015da62000 	/Library/Java/JavaVirtualMachines/jdk1.7.0_25.jdk/Contents/Home/jre/lib/libnio.dylib
0x000000015da71000 	/Library/Java/JavaVirtualMachines/jdk1.7.0_25.jdk/Contents/Home/jre/lib/./libnet.dylib
0x0000000002ed0000 	/System/Library/Frameworks/ApplicationServices.framework/Versions/A/Frameworks/CoreGraphics.framework/Versions/A/Resources/libCGXType.A.dylib
0x000000015daf2000 	cl_kernels
0x000000015f802000 	/System/Library/Frameworks/OpenCL.framework/Versions/A/Libraries/ImageFormats/unorm8_bgra.dylib
0x000000015dae4000 	cl_kernels

VM Arguments:
jvm_args: -Dfile.encoding=UTF-8 
java_command: com.javafx.main.Main
Launcher Type: SUN_STANDARD

Environment Variables:
PATH=/usr/bin:/bin:/usr/sbin:/sbin
LD_LIBRARY_PATH=/Library/Java/JavaVirtualMachines/jdk1.7.0_25.jdk/Contents/Home/jre/lib/amd64:/Library/Java/JavaVirtualMachines/jdk1.7.0_25.jdk/Contents/Home/jre/lib/i386:
SHELL=/bin/bash

Signal Handlers:
SIGSEGV: [libjvm.dylib+0x4a820f], sa_mask[0]=0xfffefeff, sa_flags=0x00000042
SIGBUS: [libjvm.dylib+0x4a820f], sa_mask[0]=0xfffefeff, sa_flags=0x00000042
SIGFPE: [libjvm.dylib+0x3b7495], sa_mask[0]=0xfffefeff, sa_flags=0x00000042
SIGPIPE: [libjvm.dylib+0x3b7495], sa_mask[0]=0xfffefeff, sa_flags=0x00000042
SIGXFSZ: [libjvm.dylib+0x3b7495], sa_mask[0]=0xfffefeff, sa_flags=0x00000042
SIGILL: [libjvm.dylib+0x3b7495], sa_mask[0]=0xfffefeff, sa_flags=0x00000042
SIGUSR1: SIG_DFL, sa_mask[0]=0x00000000, sa_flags=0x00000002
SIGUSR2: [libjvm.dylib+0x3b702e], sa_mask[0]=0x00000004, sa_flags=0x00000042
SIGHUP: [libjvm.dylib+0x3b528f], sa_mask[0]=0xfffefeff, sa_flags=0x00000042
SIGINT: SIG_IGN, sa_mask[0]=0x00000000, sa_flags=0x00000000
SIGTERM: [libjvm.dylib+0x3b528f], sa_mask[0]=0xfffefeff, sa_flags=0x00000042
SIGQUIT: [libjvm.dylib+0x3b528f], sa_mask[0]=0xfffefeff, sa_flags=0x00000042


---------------  S Y S T E M  ---------------

OS:Bsduname:Darwin 12.2.0 Darwin Kernel Version 12.2.0: Sat Aug 25 00:48:52 PDT 2012; root:xnu-2050.18.24~1/RELEASE_X86_64 x86_64
rlimit: STACK 8192k, CORE 0k, NPROC 709, NOFILE 10240, AS infinity
load average:3.74 3.68 3.38

CPU:total 2 (2 cores per cpu, 1 threads per core) family 6 model 23 stepping 10, cmov, cx8, fxsr, mmx, sse, sse2, sse3, ssse3, sse4.1, tsc

Memory: 4k page, physical 5058276k(1264569k free)

/proc/meminfo:


vm_info: Java HotSpot(TM) 64-Bit Server VM (23.25-b01) for bsd-amd64 JRE (1.7.0_25-b15), built on Jun  5 2013 22:26:36 by "java_re" with gcc 4.2.1 (Based on Apple Inc. build 5658) (LLVM build 2336.11.00)

time: Wed Nov 13 11:04:56 2013
elapsed time: 4 seconds

